"A:/licenta low poly/MechCombatGame/Content/Mannequin/Character/Mesh/UE4_Mannequin_Skeleton.uasset" 0
"A:/licenta low poly/MechCombatGame/Content/Mannequin/Animations/ThirdPersonJump_End.uasset" 1
"A:/licenta low poly/MechCombatGame/Content/Mannequin/Animations/ThirdPerson_Jump.uasset" 2
"A:/licenta low poly/MechCombatGame/Content/Mannequin/Animations/ThirdPersonJump_Loop.uasset" 3
"A:/licenta low poly/MechCombatGame/Content/Mannequin/Animations/ThirdPersonJump_Start.uasset" 4
"A:/licenta low poly/MechCombatGame/Content/Mannequin/Animations/ThirdPersonIdle.uasset" 5
"A:/licenta low poly/MechCombatGame/Content/Mannequin/Animations/ThirdPersonRun.uasset" 6
"A:/licenta low poly/MechCombatGame/Content/Mannequin/Animations/ThirdPersonWalk.uasset" 7
"A:/licenta low poly/MechCombatGame/Content/Mannequin/Animations/ThirdPerson_IdleRun_2D.uasset" 8
"../../../Engine/Content/EditorBlueprintResources/StandardMacros.uasset" 9
"A:/licenta low poly/MechCombatGame/Content/Mannequin/Animations/ThirdPerson_AnimBP.uasset" 10
"../../../Engine/Content/Functions/Engine_MaterialFunctions02/Utility/BlendAngleCorrectedNormals.uasset" 11
"../../../Engine/Content/Functions/MaterialLayerFunctions/MatLayerBlend_NormalBlend.uasset" 12
"../../../Engine/Content/Functions/MaterialLayerFunctions/MatLayerBlend_Simple.uasset" 13
"A:/licenta low poly/MechCombatGame/Content/Mannequin/Character/Materials/MaterialLayers/T_ML_Rubber_Blue_01_D.uasset" 14
"A:/licenta low poly/MechCombatGame/Content/Mannequin/Character/Materials/MaterialLayers/T_ML_Rubber_Blue_01_N.uasset" 15
"A:/licenta low poly/MechCombatGame/Content/Mannequin/Character/Materials/MaterialLayers/ML_GlossyBlack_Latex_UE4.uasset" 16
"A:/licenta low poly/MechCombatGame/Content/Mannequin/Character/Materials/MaterialLayers/ML_Plastic_Shiny_Beige.uasset" 17
"A:/licenta low poly/MechCombatGame/Content/Mannequin/Character/Textures/UE4_LOGO_CARD.uasset" 18
"A:/licenta low poly/MechCombatGame/Content/Mannequin/Character/Materials/MaterialLayers/ML_Plastic_Shiny_Beige_LOGO.uasset" 19
"A:/licenta low poly/MechCombatGame/Content/Mannequin/Character/Materials/MaterialLayers/T_ML_Aluminum01.uasset" 20
"A:/licenta low poly/MechCombatGame/Content/Mannequin/Character/Materials/MaterialLayers/T_ML_Aluminum01_N.uasset" 21
"A:/licenta low poly/MechCombatGame/Content/Mannequin/Character/Materials/MaterialLayers/ML_SoftMetal_UE4.uasset" 22
"A:/licenta low poly/MechCombatGame/Content/Mannequin/Character/Textures/UE4_Mannequin__normals.uasset" 23
"A:/licenta low poly/MechCombatGame/Content/Mannequin/Character/Textures/UE4_Mannequin_MAT_MASKA.uasset" 24
"A:/licenta low poly/MechCombatGame/Content/Mannequin/Character/Materials/M_UE4Man_Body.uasset" 25
"A:/licenta low poly/MechCombatGame/Content/Mannequin/Character/Textures/UE4Man_Logo_N.uasset" 26
"A:/licenta low poly/MechCombatGame/Content/Mannequin/Character/Materials/M_UE4Man_ChestLogo.uasset" 27
"A:/licenta low poly/MechCombatGame/Content/Mannequin/Character/Mesh/SK_Mannequin_PhysicsAsset.uasset" 28
"A:/licenta low poly/MechCombatGame/Content/Mannequin/Character/Mesh/SK_Mannequin.uasset" 29
"A:/licenta low poly/MechCombatGame/Content/MechCombat/UserHuds/Grass_LayerInfo.uasset" 30
"A:/licenta low poly/MechCombatGame/Content/MechCombat/Grass_LayerInfo.uasset" 31
"A:/licenta low poly/MechCombatGame/Content/MechCombat/UserHuds/Rock_LayerInfo.uasset" 32
"A:/licenta low poly/MechCombatGame/Content/MechCombat/Rock_LayerInfo.uasset" 33
"A:/licenta low poly/MechCombatGame/Content/MechCombat/meshes/decorations/Crate_Of_Grenades1.uasset" 34
"A:/licenta low poly/MechCombatGame/Content/MechCombat/meshes/decorations/Crate_Of_Grenades.uasset" 35
"A:/licenta low poly/MechCombatGame/Content/MechCombat/meshes/decorations/Crate_Empty.uasset" 36
"A:/licenta low poly/MechCombatGame/Content/MechCombat/decorations/Crate_Empty.uasset" 37
"A:/licenta low poly/MechCombatGame/Content/MechCombat/meshes/decorations/Diesel_Engine2.uasset" 38
"A:/licenta low poly/MechCombatGame/Content/MechCombat/meshes/decorations/Diesel_Engine1.uasset" 39
"A:/licenta low poly/MechCombatGame/Content/MechCombat/meshes/decorations/Diesel_Engine.uasset" 40
"A:/licenta low poly/MechCombatGame/Content/MechCombat/decorations/Diesel_Engine.uasset" 41
"A:/licenta low poly/MechCombatGame/Content/MechCombat/meshes/decorations/Spool_Of_Wire2.uasset" 42
"A:/licenta low poly/MechCombatGame/Content/MechCombat/meshes/decorations/Spool_Of_Wire1.uasset" 43
"A:/licenta low poly/MechCombatGame/Content/MechCombat/meshes/decorations/Spool_Of_Wire.uasset" 44
"A:/licenta low poly/MechCombatGame/Content/MechCombat/decorations/Spool_Of_Wire.uasset" 45
"A:/licenta low poly/MechCombatGame/Content/MechCombat/meshes/Ai_Spider_Bomb/Spider_Bomb_PhysicsAsset.uasset" 46
"A:/licenta low poly/MechCombatGame/Content/MechCombat/meshes/Ai_Spider_Bomb/Spider_Bomb_Skeleton.uasset" 47
"../../../Engine/Content/Animation/DefaultAnimBoneCompressionSettings.uasset" 48
"A:/licenta low poly/MechCombatGame/Content/MechCombat/meshes/Ai_Spider_Bomb/Spider_Core_Skeleton.uasset" 49
"A:/licenta low poly/MechCombatGame/Content/MechCombat/meshes/Ai_Spider_Bomb/Spider_Core_Anim.uasset" 50
"A:/licenta low poly/MechCombatGame/Content/MechCombat/meshes/Ai_Spider_tourette/Spider_Turret_Skeleton.uasset" 51
"A:/licenta low poly/MechCombatGame/Content/MechCombat/meshes/Ai_Spider_tourette/Spider_Turret_Anim.uasset" 52
"A:/licenta low poly/MechCombatGame/Content/MechCombat/meshes/Ai_Spider_tourette/Spider_Turret_Anim_Turret_Idle.uasset" 53
"A:/licenta low poly/MechCombatGame/Content/MechCombat/meshes/Ai_Spider_tourette/Spider_Turret_Anim_Turret_Open.uasset" 54
"A:/licenta low poly/MechCombatGame/Content/MechCombat/meshes/Ai_Spider_tourette/Spider_Turret_Anim_Turret_Retract.uasset" 55
"A:/licenta low poly/MechCombatGame/Content/MechCombat/meshes/decorations/acid1.uasset" 56
"A:/licenta low poly/MechCombatGame/Content/MechCombat/meshes/decorations/Acid.uasset" 57
"A:/licenta low poly/MechCombatGame/Content/MechCombat/meshes/decorations/Bottle.uasset" 58
"A:/licenta low poly/MechCombatGame/Content/MechCombat/meshes/decorations/Can_Of_Gunpowder1.uasset" 59
"A:/licenta low poly/MechCombatGame/Content/MechCombat/meshes/decorations/Drum_Of_Chemicals.uasset" 60
"A:/licenta low poly/MechCombatGame/Content/MechCombat/meshes/decorations/chemicals.uasset" 61
"A:/licenta low poly/MechCombatGame/Content/MechCombat/meshes/decorations/Vehicle_Box_Wylde.uasset" 62
"A:/licenta low poly/MechCombatGame/Content/MechCombat/meshes/decorations/Crate_Without_Nails.uasset" 63
"A:/licenta low poly/MechCombatGame/Content/MechCombat/meshes/decorations/Crate_With_Nails.uasset" 64
"A:/licenta low poly/MechCombatGame/Content/MechCombat/meshes/decorations/Diesel_Engine3.uasset" 65
"A:/licenta low poly/MechCombatGame/Content/MechCombat/meshes/decorations/Diesel_Engine4.uasset" 66
"A:/licenta low poly/MechCombatGame/Content/MechCombat/meshes/decorations/Diesel_Engine5.uasset" 67
"A:/licenta low poly/MechCombatGame/Content/MechCombat/meshes/decorations/Drum_Of_Chemicals1.uasset" 68
"A:/licenta low poly/MechCombatGame/Content/MechCombat/meshes/decorations/Drum_Of_Chemicals_Glow.uasset" 69
"A:/licenta low poly/MechCombatGame/Content/MechCombat/meshes/decorations/Engine_Belt_Assembly1.uasset" 70
"A:/licenta low poly/MechCombatGame/Content/MechCombat/meshes/decorations/Engine_Belt_Assembly.uasset" 71
"A:/licenta low poly/MechCombatGame/Content/MechCombat/meshes/decorations/Engine_Belt_Assembly2.uasset" 72
"A:/licenta low poly/MechCombatGame/Content/MechCombat/meshes/decorations/Gun_Powder_Keg1.uasset" 73
"A:/licenta low poly/MechCombatGame/Content/MechCombat/meshes/decorations/Heavy_Duty_Gearbox1.uasset" 74
"A:/licenta low poly/MechCombatGame/Content/MechCombat/meshes/decorations/Heavy_Duty_Gearbox.uasset" 75
"A:/licenta low poly/MechCombatGame/Content/MechCombat/meshes/decorations/Helicopter_Gearbox1.uasset" 76
"A:/licenta low poly/MechCombatGame/Content/MechCombat/meshes/decorations/Helicopter_Gearbox.uasset" 77
"A:/licenta low poly/MechCombatGame/Content/MechCombat/meshes/decorations/Ingot_Mold.uasset" 78
"A:/licenta low poly/MechCombatGame/Content/MechCombat/meshes/decorations/Jug_Of_Glue1.uasset" 79
"A:/licenta low poly/MechCombatGame/Content/MechCombat/meshes/decorations/Jug_Of_Glue.uasset" 80
"A:/licenta low poly/MechCombatGame/Content/MechCombat/meshes/decorations/Jug_Of_Glue2.uasset" 81
"A:/licenta low poly/MechCombatGame/Content/MechCombat/meshes/decorations/Gun_Powder_Keg.uasset" 82
"A:/licenta low poly/MechCombatGame/Content/MechCombat/meshes/decorations/Keg.uasset" 83
"A:/licenta low poly/MechCombatGame/Content/MechCombat/meshes/decorations/Muscle_Engine1.uasset" 84
"A:/licenta low poly/MechCombatGame/Content/MechCombat/meshes/decorations/Muscle_Engine.uasset" 85
"A:/licenta low poly/MechCombatGame/Content/MechCombat/meshes/decorations/Palette1.uasset" 86
"A:/licenta low poly/MechCombatGame/Content/MechCombat/meshes/decorations/Palette.uasset" 87
"A:/licenta low poly/MechCombatGame/Content/MechCombat/meshes/decorations/Pallete.uasset" 88
"A:/licenta low poly/MechCombatGame/Content/MechCombat/meshes/decorations/Piston_Heads1.uasset" 89
"A:/licenta low poly/MechCombatGame/Content/MechCombat/meshes/decorations/Piston_Heads.uasset" 90
"A:/licenta low poly/MechCombatGame/Content/MechCombat/meshes/decorations/Piston_Heads2.uasset" 91
"A:/licenta low poly/MechCombatGame/Content/MechCombat/meshes/decorations/Can_Of_Gunpowder.uasset" 92
"A:/licenta low poly/MechCombatGame/Content/MechCombat/meshes/decorations/PowderCan.uasset" 93
"A:/licenta low poly/MechCombatGame/Content/MechCombat/meshes/decorations/Stunt_Plane_Engine.uasset" 94
"A:/licenta low poly/MechCombatGame/Content/MechCombat/meshes/decorations/Prop_Engine.uasset" 95
"A:/licenta low poly/MechCombatGame/Content/MechCombat/meshes/decorations/Spark_Plugs1.uasset" 96
"A:/licenta low poly/MechCombatGame/Content/MechCombat/meshes/decorations/Spark_Plugs.uasset" 97
"A:/licenta low poly/MechCombatGame/Content/MechCombat/meshes/decorations/Spark_Plugs2.uasset" 98
"A:/licenta low poly/MechCombatGame/Content/MechCombat/meshes/decorations/Sport_Gearbox1.uasset" 99
"A:/licenta low poly/MechCombatGame/Content/MechCombat/meshes/decorations/Sport_Gearbox.uasset" 100
"A:/licenta low poly/MechCombatGame/Content/MechCombat/meshes/decorations/Stunt_Plane_Engine1.uasset" 101
"A:/licenta low poly/MechCombatGame/Content/MechCombat/meshes/decorations/Stunt_Plane_Engine2.uasset" 102
"A:/licenta low poly/MechCombatGame/Content/MechCombat/meshes/decorations/Stunt_Plane_Gearbox1.uasset" 103
"A:/licenta low poly/MechCombatGame/Content/MechCombat/meshes/decorations/Stunt_Plane_Gearbox.uasset" 104
"A:/licenta low poly/MechCombatGame/Content/MechCombat/meshes/decorations/Turboshaft_Engine1.uasset" 105
"A:/licenta low poly/MechCombatGame/Content/MechCombat/meshes/decorations/Turboshaft_Engine.uasset" 106
"A:/licenta low poly/MechCombatGame/Content/MechCombat/meshes/decorations/V8_Gas_Engine.uasset" 107
"A:/licenta low poly/MechCombatGame/Content/MechCombat/meshes/decorations/Vehicle_Box_Wylde1.uasset" 108
"A:/licenta low poly/MechCombatGame/Content/MechCombat/meshes/decorations/Tools.uasset" 109
"A:/licenta low poly/MechCombatGame/Content/MechCombat/meshes/decorations/Wrench_Cylinder.uasset" 110
"A:/licenta low poly/MechCombatGame/Content/MechCombat/meshes/decorations/WorldGridMaterial.uasset" 111
"A:/licenta low poly/MechCombatGame/Content/MechCombat/meshes/decorations/Wrench_Text.uasset" 112
"A:/licenta low poly/MechCombatGame/Content/MechCombat/meshes/Forest_Env/forest-pack1.uasset" 113
"A:/licenta low poly/MechCombatGame/Content/MechCombat/meshes/Forest_Env/forest-pack.uasset" 114
"A:/licenta low poly/MechCombatGame/Content/MechCombat/meshes/Forest_Env/Bush3_3.uasset" 115
"A:/licenta low poly/MechCombatGame/Content/MechCombat/meshes/Forest_Env/Bush4_3.uasset" 116
"A:/licenta low poly/MechCombatGame/Content/MechCombat/meshes/Forest_Env/Bush5_3.uasset" 117
"A:/licenta low poly/MechCombatGame/Content/MechCombat/meshes/Forest_Env/Cloud1.uasset" 118
"A:/licenta low poly/MechCombatGame/Content/MechCombat/meshes/Forest_Env/Cloud1_2.uasset" 119
"A:/licenta low poly/MechCombatGame/Content/MechCombat/meshes/Forest_Env/Cloud1_3.uasset" 120
"A:/licenta low poly/MechCombatGame/Content/MechCombat/meshes/Forest_Env/Cloud1_4.uasset" 121
"A:/licenta low poly/MechCombatGame/Content/MechCombat/meshes/Forest_Env/Cloud2.uasset" 122
"A:/licenta low poly/MechCombatGame/Content/MechCombat/meshes/Forest_Env/Cloud2_2.uasset" 123
"A:/licenta low poly/MechCombatGame/Content/MechCombat/meshes/Forest_Env/Cloud2_3.uasset" 124
"A:/licenta low poly/MechCombatGame/Content/MechCombat/meshes/Forest_Env/Cloud2_4.uasset" 125
"A:/licenta low poly/MechCombatGame/Content/MechCombat/meshes/Forest_Env/Cloud3.uasset" 126
"A:/licenta low poly/MechCombatGame/Content/MechCombat/meshes/Forest_Env/Cloud3_2.uasset" 127
"A:/licenta low poly/MechCombatGame/Content/MechCombat/meshes/Forest_Env/Cloud3_3.uasset" 128
"A:/licenta low poly/MechCombatGame/Content/MechCombat/meshes/Forest_Env/Cloud3_4.uasset" 129
"A:/licenta low poly/MechCombatGame/Content/MechCombat/meshes/Forest_Env/Cloud4.uasset" 130
"A:/licenta low poly/MechCombatGame/Content/MechCombat/meshes/Forest_Env/Cloud4_2.uasset" 131
"A:/licenta low poly/MechCombatGame/Content/MechCombat/meshes/Forest_Env/Cloud4_3.uasset" 132
"A:/licenta low poly/MechCombatGame/Content/MechCombat/meshes/Forest_Env/Cloud4_4.uasset" 133
"A:/licenta low poly/MechCombatGame/Content/MechCombat/meshes/Forest_Env/Cloud5.uasset" 134
"A:/licenta low poly/MechCombatGame/Content/MechCombat/meshes/Forest_Env/Cloud5_2.uasset" 135
"A:/licenta low poly/MechCombatGame/Content/MechCombat/meshes/Forest_Env/Cloud5_3.uasset" 136
"A:/licenta low poly/MechCombatGame/Content/MechCombat/meshes/Forest_Env/Cloud5_4.uasset" 137
"A:/licenta low poly/MechCombatGame/Content/MechCombat/meshes/Forest_Env/FlowerCup4_2.uasset" 138
"A:/licenta low poly/MechCombatGame/Content/MechCombat/meshes/Forest_Env/FlowerNormal2_3.uasset" 139
"A:/licenta low poly/MechCombatGame/Content/MechCombat/meshes/Forest_Env/FlowerNormal3_3.uasset" 140
"A:/licenta low poly/MechCombatGame/Content/MechCombat/meshes/Forest_Env/FlowerSplit4_3.uasset" 141
"A:/licenta low poly/MechCombatGame/Content/MechCombat/meshes/Forest_Env/Grass1.uasset" 142
"A:/licenta low poly/MechCombatGame/Content/MechCombat/meshes/Forest_Env/Grass2.uasset" 143
"A:/licenta low poly/MechCombatGame/Content/MechCombat/meshes/Forest_Env/Grass3.uasset" 144
"A:/licenta low poly/MechCombatGame/Content/MechCombat/meshes/Forest_Env/IBeam.uasset" 145
"A:/licenta low poly/MechCombatGame/Content/MechCombat/meshes/Forest_Env/Log1.uasset" 146
"A:/licenta low poly/MechCombatGame/Content/MechCombat/meshes/Forest_Env/Log2.uasset" 147
"A:/licenta low poly/MechCombatGame/Content/MechCombat/meshes/Forest_Env/LogHollow1.uasset" 148
"A:/licenta low poly/MechCombatGame/Content/MechCombat/meshes/Forest_Env/Stick1.uasset" 149
"A:/licenta low poly/MechCombatGame/Content/MechCombat/meshes/Forest_Env/Stick2.uasset" 150
"A:/licenta low poly/MechCombatGame/Content/MechCombat/meshes/Forest_Env/Stick3.uasset" 151
"A:/licenta low poly/MechCombatGame/Content/MechCombat/meshes/Forest_Env/Stick4.uasset" 152
"A:/licenta low poly/MechCombatGame/Content/MechCombat/meshes/Forest_Env/Stick5.uasset" 153
"A:/licenta low poly/MechCombatGame/Content/MechCombat/meshes/Forest_Env/Stump1.uasset" 154
"A:/licenta low poly/MechCombatGame/Content/MechCombat/meshes/Forest_Env/Stump2.uasset" 155
"A:/licenta low poly/MechCombatGame/Content/MechCombat/meshes/Main_Character/RoboHammer_Mesh_Skeleton.uasset" 156
"A:/licenta low poly/MechCombatGame/Content/MechCombat/meshes/Main_Character/RoboHammer_Mesh_Anim.uasset" 157
"A:/licenta low poly/MechCombatGame/Content/MechCombat/meshes/Main_Character/Robo_Character_Mesh_Skeleton.uasset" 158
"A:/licenta low poly/MechCombatGame/Content/MechCombat/meshes/Main_Character/Robo_Character_Mesh_Anim.uasset" 159
"A:/licenta low poly/MechCombatGame/Content/MechCombat/ShopMenu/CharacterNameHammer.uasset" 160
"A:/licenta low poly/MechCombatGame/Content/MechCombat/ShopMenu/DomeSize.uasset" 161
"A:/licenta low poly/MechCombatGame/Content/MechCombat/ShopMenu/Icon_DMG.uasset" 162
"A:/licenta low poly/MechCombatGame/Content/MechCombat/ShopMenu/Icon_HP.uasset" 163
"A:/licenta low poly/MechCombatGame/Content/MechCombat/ShopMenu/Icon_MOBILE.uasset" 164
"A:/licenta low poly/MechCombatGame/Content/MechCombat/ShopMenu/SelectMinus.uasset" 165
"A:/licenta low poly/MechCombatGame/Content/MechCombat/ShopMenu/SelectMinusActive.uasset" 166
"A:/licenta low poly/MechCombatGame/Content/MechCombat/UserHuds/RageCostFill.uasset" 167
"A:/licenta low poly/MechCombatGame/Content/MechCombat/UserHuds/RageCostNoFill.uasset" 168
"A:/licenta low poly/MechCombatGame/Content/MechCombat/UserHuds/Referance.uasset" 169
"A:/licenta low poly/MechCombatGame/Content/MechCombat/UserHuds/SkillsActive.uasset" 170
"A:/licenta low poly/MechCombatGame/Content/MechCombat/UserHuds/SkillsInactive.uasset" 171
"A:/licenta low poly/MechCombatGame/Content/StarterContent/Materials/M_Basic_Wall.uasset" 172
"A:/licenta low poly/MechCombatGame/Content/StarterContent/Architecture/Pillar_50x500.uasset" 173
"A:/licenta low poly/MechCombatGame/Content/StarterContent/Architecture/Wall_400x300.uasset" 174
"A:/licenta low poly/MechCombatGame/Content/StarterContent/Architecture/Wall_400x400.uasset" 175
"A:/licenta low poly/MechCombatGame/Content/StarterContent/Architecture/Wall_500x500.uasset" 176
"A:/licenta low poly/MechCombatGame/Content/StarterContent/Architecture/Wall_Door_400x400.uasset" 177
"A:/licenta low poly/MechCombatGame/Content/StarterContent/Architecture/Wall_Window_400x400.uasset" 178
"A:/licenta low poly/MechCombatGame/Content/StarterContent/Audio/Collapse01.uasset" 179
"A:/licenta low poly/MechCombatGame/Content/StarterContent/Audio/Collapse02.uasset" 180
"A:/licenta low poly/MechCombatGame/Content/StarterContent/Audio/Explosion01.uasset" 181
"A:/licenta low poly/MechCombatGame/Content/StarterContent/Audio/Explosion02.uasset" 182
"A:/licenta low poly/MechCombatGame/Content/StarterContent/Audio/Fire01.uasset" 183
"A:/licenta low poly/MechCombatGame/Content/StarterContent/Audio/Fire_Sparks01.uasset" 184
"A:/licenta low poly/MechCombatGame/Content/StarterContent/Audio/Light01.uasset" 185
"A:/licenta low poly/MechCombatGame/Content/StarterContent/Audio/Light01_Cue.uasset" 186
"A:/licenta low poly/MechCombatGame/Content/StarterContent/Audio/Light02.uasset" 187
"A:/licenta low poly/MechCombatGame/Content/StarterContent/Audio/Light02_Cue.uasset" 188
"A:/licenta low poly/MechCombatGame/Content/StarterContent/Audio/Smoke01.uasset" 189
"A:/licenta low poly/MechCombatGame/Content/StarterContent/Audio/Starter_Birds01.uasset" 190
"A:/licenta low poly/MechCombatGame/Content/StarterContent/Audio/Starter_Music01.uasset" 191
"A:/licenta low poly/MechCombatGame/Content/StarterContent/Audio/Starter_Wind05.uasset" 192
"A:/licenta low poly/MechCombatGame/Content/StarterContent/Audio/Starter_Wind06.uasset" 193
"A:/licenta low poly/MechCombatGame/Content/StarterContent/Audio/Steam01.uasset" 194
"A:/licenta low poly/MechCombatGame/Content/StarterContent/Audio/Explosion_Cue.uasset" 195
"A:/licenta low poly/MechCombatGame/Content/StarterContent/Textures/T_Burst_M.uasset" 196
"A:/licenta low poly/MechCombatGame/Content/StarterContent/Particles/Materials/M_Burst.uasset" 197
"A:/licenta low poly/MechCombatGame/Content/StarterContent/Textures/T_Explosion_SubUV.uasset" 198
"A:/licenta low poly/MechCombatGame/Content/StarterContent/Particles/Materials/M_explosion_subUV.uasset" 199
"A:/licenta low poly/MechCombatGame/Content/StarterContent/Particles/Materials/m_flare_01.uasset" 200
"../../../Engine/Content/Functions/Engine_MaterialFunctions01/Gradient/RadialGradient.uasset" 201
"A:/licenta low poly/MechCombatGame/Content/StarterContent/Particles/Materials/M_radial_ramp.uasset" 202
"A:/licenta low poly/MechCombatGame/Content/StarterContent/Textures/T_Smoke_SubUV.uasset" 203
"A:/licenta low poly/MechCombatGame/Content/StarterContent/Textures/T_Smoke_Tiled_D.uasset" 204
"A:/licenta low poly/MechCombatGame/Content/StarterContent/Particles/Materials/M_smoke_subUV.uasset" 205
"A:/licenta low poly/MechCombatGame/Content/StarterContent/Particles/P_Explosion.uasset" 206
"A:/licenta low poly/MechCombatGame/Content/StarterContent/Blueprints/Blueprint_Effect_Explosion.uasset" 207
"../../../Engine/Content/EditorMeshes/ColorCalibrator/T_ColorGrid.uasset" 208
"A:/licenta low poly/MechCombatGame/Content/StarterContent/Materials/M_ColorGrid_LowSpec.uasset" 209
"A:/licenta low poly/MechCombatGame/Content/StarterContent/Textures/T_Bush_D.uasset" 210
"A:/licenta low poly/MechCombatGame/Content/StarterContent/Textures/T_Bush_N.uasset" 211
"A:/licenta low poly/MechCombatGame/Content/StarterContent/Props/Materials/M_Bush.uasset" 212
"A:/licenta low poly/MechCombatGame/Content/StarterContent/Props/SM_Bush.uasset" 213
"A:/licenta low poly/MechCombatGame/Content/StarterContent/Textures/T_Chair_M.uasset" 214
"A:/licenta low poly/MechCombatGame/Content/StarterContent/Textures/T_Chair_N.uasset" 215
"A:/licenta low poly/MechCombatGame/Content/StarterContent/Props/Materials/M_Chair.uasset" 216
"A:/licenta low poly/MechCombatGame/Content/StarterContent/Props/SM_Couch.uasset" 217
"A:/licenta low poly/MechCombatGame/Content/StarterContent/Materials/M_Glass.uasset" 218
"A:/licenta low poly/MechCombatGame/Content/StarterContent/Textures/T_Door_M.uasset" 219
"A:/licenta low poly/MechCombatGame/Content/StarterContent/Textures/T_Door_N.uasset" 220
"A:/licenta low poly/MechCombatGame/Content/StarterContent/Props/Materials/M_Door.uasset" 221
"A:/licenta low poly/MechCombatGame/Content/StarterContent/Props/SM_Door.uasset" 222
"A:/licenta low poly/MechCombatGame/Content/StarterContent/Props/Materials/M_MaterialSphere.uasset" 223
"A:/licenta low poly/MechCombatGame/Content/StarterContent/Props/Materials/M_MaterialSphere_Plain.uasset" 224
"A:/licenta low poly/MechCombatGame/Content/StarterContent/Props/SM_MatPreviewMesh_02.uasset" 225
"A:/licenta low poly/MechCombatGame/Content/StarterContent/Textures/T_Detail_Rocky_N.uasset" 226
"A:/licenta low poly/MechCombatGame/Content/StarterContent/Textures/T_Rock_Basalt_D.uasset" 227
"A:/licenta low poly/MechCombatGame/Content/StarterContent/Textures/T_RockMesh_M.uasset" 228
"A:/licenta low poly/MechCombatGame/Content/StarterContent/Textures/T_RockMesh_N.uasset" 229
"A:/licenta low poly/MechCombatGame/Content/StarterContent/Props/Materials/M_Rock.uasset" 230
"A:/licenta low poly/MechCombatGame/Content/StarterContent/Props/SM_Rock.uasset" 231
"A:/licenta low poly/MechCombatGame/Content/StarterContent/Textures/T_Shelf_M.uasset" 232
"A:/licenta low poly/MechCombatGame/Content/StarterContent/Textures/T_Shelf_N.uasset" 233
"A:/licenta low poly/MechCombatGame/Content/StarterContent/Props/Materials/M_Shelf.uasset" 234
"A:/licenta low poly/MechCombatGame/Content/StarterContent/Props/SM_Shelf.uasset" 235
"A:/licenta low poly/MechCombatGame/Content/StarterContent/Materials/M_Basic_Floor.uasset" 236
"A:/licenta low poly/MechCombatGame/Content/StarterContent/Props/SM_Stairs.uasset" 237
"A:/licenta low poly/MechCombatGame/Content/StarterContent/Shapes/Shape_Cylinder.uasset" 238
"A:/licenta low poly/MechCombatGame/Content/StarterContent/Shapes/Shape_NarrowCapsule.uasset" 239
"A:/licenta low poly/MechCombatGame/Content/StarterContent/Shapes/Shape_Pipe.uasset" 240
"A:/licenta low poly/MechCombatGame/Content/StarterContent/Shapes/Shape_Pipe_180.uasset" 241
"A:/licenta low poly/MechCombatGame/Content/StarterContent/Shapes/Shape_Pipe_90.uasset" 242
"A:/licenta low poly/MechCombatGame/Content/StarterContent/Shapes/Shape_Plane.uasset" 243
"A:/licenta low poly/MechCombatGame/Content/StarterContent/Shapes/Shape_Torus.uasset" 244
"A:/licenta low poly/MechCombatGame/Content/StarterContent/Shapes/Shape_Trim.uasset" 245
"A:/licenta low poly/MechCombatGame/Content/StarterContent/Shapes/Shape_Trim_90_In.uasset" 246
"A:/licenta low poly/MechCombatGame/Content/StarterContent/Shapes/Shape_Trim_90_Out.uasset" 247
"A:/licenta low poly/MechCombatGame/Content/StarterContent/Shapes/Shape_TriPyramid.uasset" 248
"A:/licenta low poly/MechCombatGame/Content/StarterContent/Shapes/Shape_Tube.uasset" 249
"A:/licenta low poly/MechCombatGame/Content/StarterContent/Shapes/Shape_Wedge_A.uasset" 250
"A:/licenta low poly/MechCombatGame/Content/StarterContent/Shapes/Shape_Wedge_B.uasset" 251
"A:/licenta low poly/MechCombatGame/Content/StarterContent/Shapes/Shape_WideCapsule.uasset" 252
"A:/licenta low poly/MechCombatGame/Content/ThirdPersonBP/ThirdPersonOverview.uasset" 253
"../../../Engine/Content/Animation/DefaultAnimCurveCompressionSettings.uasset" 254
"../../../Engine/Content/Functions/Engine_MaterialFunctions01/Opacity/CameraDepthFade.uasset" 255
"../../../Engine/Content/EngineMaterials/T_Default_Material_Grid_M.uasset" 256
"../../../Engine/Content/EngineMaterials/T_Default_Material_Grid_N.uasset" 257
"../../../Engine/Content/EngineMaterials/WorldGridMaterial.uasset" 258
"../../../Engine/Content/ArtTools/RenderToTexture/Meshes/S_1_Unit_Plane.uasset" 259
"../../../Engine/Content/EngineMaterials/DefaultMaterial.uasset" 260
"../../../Engine/Content/BasicShapes/Cone.uasset" 261
"../../../Engine/Content/BasicShapes/Cube.uasset" 262
"../../../Engine/Content/BasicShapes/Cylinder.uasset" 263
"../../../Engine/Content/BasicShapes/Plane.uasset" 264
"../../../Engine/Content/BasicShapes/Sphere.uasset" 265
"../../../Engine/Content/EditorLandscapeResources/DataLayer.uasset" 266
"../../../Engine/Content/EditorMaterials/MAT_Groups_Toggle.uasset" 267
"../../../Engine/Content/EditorMaterials/MAT_Groups_Visibility.uasset" 268
"../../../Engine/Content/EditorMaterials/PreviewShadowIndicator.uasset" 269
"../../../Engine/Content/EditorMaterials/PreviewShadowIndicatorMaterial.uasset" 270
"../../../Engine/Content/EditorMaterials/MatineeGroups/MAT_ColorTrack.uasset" 271
"../../../Engine/Content/EditorMaterials/MatineeGroups/MAT_Groups_Anim.uasset" 272
"../../../Engine/Content/EditorMaterials/MatineeGroups/MAT_Groups_AudioMaster.uasset" 273
"../../../Engine/Content/EditorMaterials/MatineeGroups/MAT_Groups_Director.uasset" 274
"../../../Engine/Content/EditorMaterials/MatineeGroups/MAT_Groups_Event.uasset" 275
"../../../Engine/Content/EditorMaterials/MatineeGroups/MAT_Groups_Fade.uasset" 276
"../../../Engine/Content/EditorMaterials/MatineeGroups/MAT_Groups_Float.uasset" 277
"../../../Engine/Content/EditorMaterials/MatineeGroups/MAT_Groups_Move.uasset" 278
"../../../Engine/Content/EditorMaterials/MatineeGroups/MAT_Groups_Slomo.uasset" 279
"../../../Engine/Content/EditorMaterials/MatineeGroups/MAT_Groups_Sound.uasset" 280
"../../../Engine/Content/EditorMaterials/MatineeGroups/MAT_Groups_Vector.uasset" 281
"../../../Engine/Content/EditorMaterials/ParticleSystems/PSysThumbnail_NoImage.uasset" 282
"../../../Engine/Content/EditorMaterials/ParticleSystems/PSysThumbnail_OOD.uasset" 283
"../../../Engine/Content/EditorMaterials/Camera/CineMat.uasset" 284
"../../../Engine/Content/EditorMaterials/Camera/MI_CineMat_Rig.uasset" 285
"../../../Engine/Content/EditorMeshes/Camera/SM_CraneRig_Arm.uasset" 286
"../../../Engine/Content/EditorMeshes/Camera/SM_CraneRig_Base.uasset" 287
"../../../Engine/Content/EditorMeshes/Camera/SM_CraneRig_Body.uasset" 288
"../../../Engine/Content/EditorMeshes/Camera/SM_CraneRig_Mount.uasset" 289
"../../../Engine/Content/EditorMeshes/Camera/SM_RailRig_Mount.uasset" 290
"../../../Engine/Content/EditorMeshes/Camera/SM_RailRig_Track.uasset" 291
"../../../Engine/Content/EditorResources/BSPVertex.uasset" 292
"../../../Engine/Content/EditorResources/EmptyActor.uasset" 293
"../../../Engine/Content/EditorResources/S_Actor.uasset" 294
"../../../Engine/Content/EditorResources/S_Note.uasset" 295
"../../../Engine/Content/EditorResources/S_Solver.uasset" 296
"../../../Engine/Content/EditorResources/S_Trigger.uasset" 297
"../../../Engine/Content/EditorResources/AudioIcons/S_AudioComponent.uasset" 298
"../../../Engine/Content/EditorResources/AudioIcons/S_AudioComponent_AutoActivate.uasset" 299
"../../../Engine/Content/EditorResources/LightIcons/S_LightError.uasset" 300
"../../../Engine/Content/EditorResources/SequenceRecorder/Countdown.uasset" 301
"../../../Engine/Content/EditorResources/SequenceRecorder/RecordingIndicator.uasset" 302
"../../../Engine/Content/EditorSounds/Notifications/CompileFailed.uasset" 303
"../../../Engine/Content/EditorSounds/Notifications/CompileFailed_Cue.uasset" 304
"../../../Engine/Content/EditorSounds/Notifications/CompileSuccess.uasset" 305
"../../../Engine/Content/EditorSounds/Notifications/CompileStart_Cue.uasset" 306
"../../../Engine/Content/EditorSounds/Notifications/CompileSuccess_Cue.uasset" 307
"../../../Engine/Content/EngineDamageTypes/DmgTypeBP_Environmental.uasset" 308
"../../../Engine/Content/EngineDebugMaterials/DebugEditorMaterial.uasset" 309
"../../../Engine/Content/EngineDebugMaterials/DebugMeshMaterial.uasset" 310
"../../../Engine/Content/EngineDebugMaterials/M_SimpleUnlitTranslucent.uasset" 311
"../../../Engine/Content/Functions/Engine_MaterialFunctions02/Utility/CameraDirectionVector.uasset" 312
"../../../Engine/Content/EngineDebugMaterials/VolumeToRender.uasset" 313
"../../../Engine/Content/EngineDebugMaterials/M_VolumeRenderSphereTracePP.uasset" 314
"../../../Engine/Content/EngineDebugMaterials/WireframeMaterial.uasset" 315
"../../../Engine/Content/EngineFonts/Faces/DroidSansFallback.uasset" 316
"../../../Engine/Content/EngineFonts/Faces/RobotoBold.uasset" 317
"../../../Engine/Content/EngineFonts/Faces/RobotoBoldItalic.uasset" 318
"../../../Engine/Content/EngineFonts/Faces/RobotoItalic.uasset" 319
"../../../Engine/Content/EngineFonts/Faces/RobotoLight.uasset" 320
"../../../Engine/Content/EngineFonts/Faces/RobotoRegular.uasset" 321
"../../../Engine/Content/EngineFonts/Roboto.uasset" 322
"../../../Engine/Content/EngineMaterials/BaseFlattenDiffuseMap.uasset" 323
"../../../Engine/Content/EngineMaterials/BaseFlattenEmissiveMap.uasset" 324
"../../../Engine/Content/EngineMaterials/BaseFlattenGrayscaleMap.uasset" 325
"../../../Engine/Content/EngineMaterials/BaseFlattenNormalMap.uasset" 326
"../../../Engine/Content/EngineMaterials/BaseFlattenMaterial.uasset" 327
"../../../Engine/Content/EngineMaterials/BlueNoise.uasset" 328
"../../../Engine/Content/EngineMaterials/DefaultBloomKernel.uasset" 329
"../../../Engine/Content/EngineMaterials/DefaultBokeh.uasset" 330
"../../../Engine/Content/EngineMaterials/DefaultDiffuse.uasset" 331
"../../../Engine/Content/EngineMaterials/DefaultDeferredDecalMaterial.uasset" 332
"../../../Engine/Content/EngineMaterials/DefaultLightFunctionMaterial.uasset" 333
"../../../Engine/Content/Functions/Engine_MaterialFunctions02/Utility/BreakOutFloat2Components.uasset" 334
"../../../Engine/Content/EngineMaterials/DefaultPostProcessMaterial.uasset" 335
"../../../Engine/Content/EngineFonts/RobotoDistanceField.uasset" 336
"../../../Engine/Content/EngineMaterials/DefaultTextMaterialOpaque.uasset" 337
"../../../Engine/Content/EngineMaterials/DefaultWhiteGrid.uasset" 338
"../../../Engine/Content/EngineMaterials/DefaultWhiteGrid_Low.uasset" 339
"../../../Engine/Content/EngineMaterials/EmissiveMeshMaterial.uasset" 340
"../../../Engine/Content/EngineMaterials/GizmoMaterial.uasset" 341
"../../../Engine/Content/EngineMaterials/Good64x64TilingNoiseHighFreq.uasset" 342
"../../../Engine/Content/EngineMaterials/MiniFont.uasset" 343
"../../../Engine/Content/EngineMaterials/InvalidLightmapSettings.uasset" 344
"../../../Engine/Content/EngineMaterials/M_InvalidLightmapSettings.uasset" 345
"../../../Engine/Content/Functions/Engine_MaterialFunctions02/WorldPositionOffset/CameraOffset.uasset" 346
"../../../Engine/Content/EngineMaterials/PhAT_JointLimitMaterial.uasset" 347
"../../../Engine/Content/EngineMaterials/PreintegratedSkinBRDF.uasset" 348
"../../../Engine/Content/EngineMaterials/RemoveSurfaceMaterial.uasset" 349
"../../../Engine/Content/EngineResources/WhiteSquareTexture.uasset" 350
"../../../Engine/Content/EngineMaterials/Widget3DPassThrough.uasset" 351
"../../../Engine/Content/EngineMaterials/Widget3DPassThrough_Masked.uasset" 352
"../../../Engine/Content/EngineMaterials/Widget3DPassThrough_Opaque.uasset" 353
"../../../Engine/Content/EngineMaterials/Widget3DPassThrough_Masked_OneSided.uasset" 354
"../../../Engine/Content/EngineMaterials/Widget3DPassThrough_Opaque_OneSided.uasset" 355
"../../../Engine/Content/EngineMaterials/Widget3DPassThrough_Translucent.uasset" 356
"../../../Engine/Content/EngineMaterials/Widget3DPassThrough_Translucent_OneSided.uasset" 357
"../../../Engine/Content/EngineMeshes/Cylinder.uasset" 358
"../../../Engine/Content/EngineMeshes/Sphere.uasset" 359
"../../../Engine/Content/EngineResources/Black.uasset" 360
"../../../Engine/Content/EngineResources/DefaultTexture.uasset" 361
"../../../Engine/Content/EngineResources/DefaultTextureCube.uasset" 362
"../../../Engine/Content/EngineResources/DefaultVolumeTexture2D.uasset" 363
"../../../Engine/Content/EngineResources/DefaultVolumeTexture.uasset" 364
"../../../Engine/Content/EngineResources/GradientTexture0.uasset" 365
"../../../Engine/Content/EngineSounds/Master.uasset" 366
"../../../Engine/Content/Functions/Engine_MaterialFunctions01/Shading/ConvertFromDiffSpec.uasset" 367
"../../../Engine/Content/Functions/Engine_MaterialFunctions01/Shading/PowerToRoughness.uasset" 368
"../../../Engine/Content/Maps/Templates/Thumbnails/Default.uasset" 369
"../../../Engine/Content/Maps/Templates/Thumbnails/TimeOfDay.uasset" 370
"../../../Engine/Content/Maps/Templates/Thumbnails/VR-Basic.uasset" 371
"../../../Engine/Content/MobileResources/T_MobileControls_texture.uasset" 372
"../../../Engine/Content/MobileResources/T_MobileMenu2.uasset" 373
"../../../Engine/Content/MobileResources/HUD/AnalogHat.uasset" 374
"../../../Engine/Content/MobileResources/HUD/VirtualJoystick_Background.uasset" 375
"../../../Engine/Content/MobileResources/HUD/VirtualJoystick_Thumb.uasset" 376
"../../../Engine/Content/MobileResources/HUD/DefaultVirtualJoysticks.uasset" 377
"../../../Engine/Content/MobileResources/HUD/LeftVirtualJoystickOnly.uasset" 378
"../../../Engine/Content/MobileResources/HUD/MobileHUDButton1_off.uasset" 379
"../../../Engine/Content/MobileResources/HUD/MobileHUDButton1_on.uasset" 380
"../../../Engine/Content/MobileResources/HUD/MobileHUDButton2_off.uasset" 381
"../../../Engine/Content/MobileResources/HUD/MobileHUDButton2_on.uasset" 382
"../../../Engine/Content/MobileResources/HUD/MobileHUDButton3.uasset" 383
"../../../Engine/Content/MobileResources/HUD/MobileHUDButtonFire.uasset" 384
"../../../Engine/Content/MobileResources/HUD/MobileHUDDirectionPad.uasset" 385
"../../../Engine/Content/MobileResources/HUD/MobileHUDDirectionPad2.uasset" 386
"../../../Engine/Content/MobileResources/HUD/MobileHUDDirectionPad3.uasset" 387
"../../../Engine/Content/MobileResources/HUD/MobileHUDDirectionStick.uasset" 388
"../../../Engine/Content/MobileResources/HUD/T_Castle_ThumbstickInner.uasset" 389
"../../../Engine/Content/MobileResources/HUD/T_Castle_ThumbstickOutter.uasset" 390
"../../../Engine/Content/Tutorial/ContentIntroCurve.uasset" 391
"../../../Engine/Content/Tutorial/Basics/LevelEditorAttract.uasset" 392
"../../../Engine/Content/Tutorial/Basics/TutorialAssets/icon_tab_Levels_40x.uasset" 393
"../../../Engine/Content/Tutorial/Basics/LevelEditorOverview.uasset" 394
"../../../Engine/Content/VREditor/LaserPointer/VR_LaserPower_01.uasset" 395
"../../../Engine/Content/VREditor/TransformGizmo/TransformGizmoMaterial.uasset" 396
"../../../Engine/Content/VREditor/TransformGizmo/TranslucentTransformGizmoMaterial.uasset" 397
"../../../Engine/Content/VREditor/TransformGizmo/BoundingBoxCorner.uasset" 398
"../../../Engine/Content/VREditor/TransformGizmo/BoundingBoxEdge.uasset" 399
"../../../Engine/Content/VREditor/TransformGizmo/PlaneTranslationHandle.uasset" 400
"../../../Engine/Content/VREditor/TransformGizmo/Main.uasset" 401
"../../../Engine/Content/VREditor/TransformGizmo/Xray.uasset" 402
"../../../Engine/Content/VREditor/TransformGizmo/SM_Sequencer_Key.uasset" 403
"../../../Engine/Content/VREditor/TransformGizmo/SM_Sequencer_Node.uasset" 404
"../../Plugins/2D/Paper2D/Content/PlaceholderTextures/DummySpriteTexture.uasset" 405
"../../Plugins/2D/Paper2D/Content/DummySprite.uasset" 406
"../../Plugins/2D/Paper2D/Content/DefaultPaperTerrainMaterial.uasset" 407
"../../Plugins/2D/Paper2D/Content/DefaultSpriteMaterial.uasset" 408
"../../Plugins/2D/Paper2D/Content/MaskedUnlitSpriteMaterial.uasset" 409
"../../Plugins/2D/Paper2D/Content/OpaqueUnlitSpriteMaterial.uasset" 410
"../../Plugins/FX/Niagara/Content/Enums/ENiagaraBooleanLogicOps.uasset" 411
"../../Plugins/FX/Niagara/Content/Enums/ENiagaraCoordinateSpace.uasset" 412
"../../Plugins/FX/Niagara/Content/Enums/ENiagaraExpansionMode.uasset" 413
"../../Plugins/FX/Niagara/Content/Enums/ENiagaraOrientationAxis.uasset" 414
"../../Plugins/FX/Niagara/Content/Enums/ENiagaraRandomnessMode.uasset" 415
"../../../Engine/Content/Functions/Engine_MaterialFunctions02/Utility/BreakOutFloat4Components.uasset" 416
"../../../Engine/Content/Functions/Engine_MaterialFunctions02/Utility/MakeFloat2.uasset" 417
"../../../Engine/Content/Functions/Engine_MaterialFunctions02/Utility/MakeFloat3.uasset" 418
"../../Plugins/Runtime/Oculus/OculusVR/Content/Materials/OculusMR_ChromaKey.uasset" 419
"../../Plugins/Runtime/Oculus/OculusVR/Content/Materials/OculusMR_ChromaKey_Lit.uasset" 420
"../../Plugins/Runtime/Oculus/OculusVR/Content/Materials/OculusMR_OpaqueColoredMaterial.uasset" 421
"../../Plugins/Runtime/Oculus/OculusVR/Content/Materials/OculusMR_WhiteMaterial.uasset" 422
"../../../Engine/Content/EngineSky/C_Sky_Cloud_Color.uasset" 423
"../../../Engine/Content/EngineSky/C_Sky_Horizon_Color.uasset" 424
"../../../Engine/Content/EngineSky/C_Sky_Zenith_Color.uasset" 425
"../../../Engine/Content/EngineSky/T_Sky_Blue.uasset" 426
"../../../Engine/Content/EngineSky/T_Sky_Clouds_M.uasset" 427
"../../../Engine/Content/EngineSky/T_Sky_Stars.uasset" 428
"../../../Engine/Content/EngineSky/M_Sky_Panning_Clouds2.uasset" 429
"../../../Engine/Content/EngineSky/SM_SkySphere.uasset" 430
"../../../Engine/Content/EngineSky/BP_Sky_Sphere.uasset" 431
"A:/licenta low poly/MechCombatGame/Content/MechCombat/meshes/Ai_Spider_Bomb/Spider_Bomb_Skeleton1.uasset" 432
"A:/licenta low poly/MechCombatGame/Content/MechCombat/meshes/Ai_Spider_Bomb/Spider_Bomb_Anim_Bomb_Off.uasset" 433
"A:/licenta low poly/MechCombatGame/Content/MechCombat/meshes/Ai_Spider_Bomb/Spider_Bomb_Anim_Bomb_On.uasset" 434
"A:/licenta low poly/MechCombatGame/Content/MechCombat/meshes/Ai_Spider_Bomb/Bomb_Anim_BP.uasset" 435
"A:/licenta low poly/MechCombatGame/Content/MechCombat/meshes/Ai_Spider_Bomb/Spider_Core_Anim_Idle.uasset" 436
"A:/licenta low poly/MechCombatGame/Content/MechCombat/meshes/Ai_Spider_Bomb/Spider_Core_Anim_Walk.uasset" 437
"A:/licenta low poly/MechCombatGame/Content/MechCombat/meshes/Ai_Spider_Bomb/Walk_Bs.uasset" 438
"A:/licenta low poly/MechCombatGame/Content/MechCombat/meshes/Ai_Spider_Bomb/spider_Core_AnimBP.uasset" 439
"A:/licenta low poly/MechCombatGame/Content/MechCombat/meshes/Main_Character/HammerMech_Anim_Default_Attacking_1.uasset" 440
"A:/licenta low poly/MechCombatGame/Content/MechCombat/meshes/Main_Character/HammerMech_Anim_Default_Attacking_3.uasset" 441
"A:/licenta low poly/MechCombatGame/Content/MechCombat/meshes/Main_Character/HammerMech_Anim_Idle.uasset" 442
"A:/licenta low poly/MechCombatGame/Content/MechCombat/meshes/Main_Character/HammerMech_Anim_Jump_Air.uasset" 443
"A:/licenta low poly/MechCombatGame/Content/MechCombat/meshes/Main_Character/HammerMech_Anim_Whirlwind_Spin.uasset" 444
"A:/licenta low poly/MechCombatGame/Content/MechCombat/meshes/Main_Character/HammerMech_Anim_Wrist_Twist.uasset" 445
"A:/licenta low poly/MechCombatGame/Content/MechCombat/meshes/Main_Character/HammerMech_Anim_Run.uasset" 446
"A:/licenta low poly/MechCombatGame/Content/MechCombat/meshes/Main_Character/HammerMech_Anim_Walk.uasset" 447
"A:/licenta low poly/MechCombatGame/Content/MechCombat/meshes/Main_Character/Walk-Run.uasset" 448
"A:/licenta low poly/MechCombatGame/Content/MechCombat/meshes/Main_Character/Robo_Diffuse.uasset" 449
"A:/licenta low poly/MechCombatGame/Content/MechCombat/meshes/Main_Character/Robo_Emmisive.uasset" 450
"A:/licenta low poly/MechCombatGame/Content/MechCombat/meshes/Main_Character/Robo.uasset" 451
"A:/licenta low poly/MechCombatGame/Content/MechCombat/meshes/Main_Character/RoboHammer_Mesh_PhysicsAsset.uasset" 452
"A:/licenta low poly/MechCombatGame/Content/MechCombat/meshes/Main_Character/RoboHammer_Mesh.uasset" 453
"A:/licenta low poly/MechCombatGame/Content/MechCombat/blueprints/Hammer.uasset" 454
"A:/licenta low poly/MechCombatGame/Content/ThirdPersonBP/Blueprints/ThirdPersonGameMode.uasset" 455
"A:/licenta low poly/MechCombatGame/Content/MechCombat/UserHuds/BarsBGLeft.uasset" 456
"A:/licenta low poly/MechCombatGame/Content/MechCombat/UserHuds/BarsBGRigh.uasset" 457
"A:/licenta low poly/MechCombatGame/Content/MechCombat/UserHuds/HealthFill.uasset" 458
"A:/licenta low poly/MechCombatGame/Content/MechCombat/UserHuds/HealthNoFill.uasset" 459
"A:/licenta low poly/MechCombatGame/Content/MechCombat/UserHuds/Helicopter.uasset" 460
"A:/licenta low poly/MechCombatGame/Content/MechCombat/UserHuds/HelicopterDark.uasset" 461
"A:/licenta low poly/MechCombatGame/Content/MechCombat/UserHuds/Leap.uasset" 462
"A:/licenta low poly/MechCombatGame/Content/MechCombat/UserHuds/LeapDark.uasset" 463
"A:/licenta low poly/MechCombatGame/Content/MechCombat/UserHuds/RageFill.uasset" 464
"A:/licenta low poly/MechCombatGame/Content/MechCombat/UserHuds/RageNoFill.uasset" 465
"A:/licenta low poly/MechCombatGame/Content/MechCombat/UserHuds/StaminaFill.uasset" 466
"A:/licenta low poly/MechCombatGame/Content/MechCombat/UserHuds/StaminaNoFill.uasset" 467
"A:/licenta low poly/MechCombatGame/Content/MechCombat/UserHuds/timefragment.uasset" 468
"A:/licenta low poly/MechCombatGame/Content/MechCombat/UserHuds/Timer.uasset" 469
"A:/licenta low poly/MechCombatGame/Content/MechCombat/UserHuds/Whirlwind.uasset" 470
"A:/licenta low poly/MechCombatGame/Content/MechCombat/UserHuds/WhirlwindDark.uasset" 471
"A:/licenta low poly/MechCombatGame/Content/MechCombat/blueprints/HudWidget.uasset" 472
"A:/licenta low poly/MechCombatGame/Content/MechCombat/meshes/Main_Character/Robo_Character_Mesh_PhysicsAsset.uasset" 473
"A:/licenta low poly/MechCombatGame/Content/MechCombat/meshes/Main_Character/Robo_Character_Mesh.uasset" 474
"A:/licenta low poly/MechCombatGame/Content/MechCombat/ShopMenu/BarEmpty.uasset" 475
"A:/licenta low poly/MechCombatGame/Content/MechCombat/ShopMenu/DamageUpgrade.uasset" 476
"A:/licenta low poly/MechCombatGame/Content/MechCombat/ShopMenu/Healthbar.uasset" 477
"A:/licenta low poly/MechCombatGame/Content/MechCombat/ShopMenu/HealthRefil.uasset" 478
"A:/licenta low poly/MechCombatGame/Content/MechCombat/ShopMenu/HeathUpgrade.uasset" 479
"A:/licenta low poly/MechCombatGame/Content/MechCombat/ShopMenu/Helicopter.uasset" 480
"A:/licenta low poly/MechCombatGame/Content/MechCombat/ShopMenu/LeapUpgrade.uasset" 481
"A:/licenta low poly/MechCombatGame/Content/MechCombat/ShopMenu/MechdudeNOShadow.uasset" 482
"A:/licenta low poly/MechCombatGame/Content/MechCombat/ShopMenu/Replenish.uasset" 483
"A:/licenta low poly/MechCombatGame/Content/MechCombat/ShopMenu/ReplenishActive.uasset" 484
"A:/licenta low poly/MechCombatGame/Content/MechCombat/ShopMenu/Reset.uasset" 485
"A:/licenta low poly/MechCombatGame/Content/MechCombat/ShopMenu/ResetActive.uasset" 486
"A:/licenta low poly/MechCombatGame/Content/MechCombat/ShopMenu/SelectPlus.uasset" 487
"A:/licenta low poly/MechCombatGame/Content/MechCombat/ShopMenu/SelectPlusActive.uasset" 488
"A:/licenta low poly/MechCombatGame/Content/MechCombat/ShopMenu/SpeedUpgrade.uasset" 489
"A:/licenta low poly/MechCombatGame/Content/MechCombat/ShopMenu/StaminaBar.uasset" 490
"A:/licenta low poly/MechCombatGame/Content/MechCombat/ShopMenu/StaminaRefil.uasset" 491
"A:/licenta low poly/MechCombatGame/Content/MechCombat/ShopMenu/StaminaUpgrade.uasset" 492
"A:/licenta low poly/MechCombatGame/Content/MechCombat/ShopMenu/UpgradeBackdrop.uasset" 493
"A:/licenta low poly/MechCombatGame/Content/MechCombat/ShopMenu/Whirlwind.uasset" 494
"A:/licenta low poly/MechCombatGame/Content/ThirdPersonBP/Blueprints/ShopMenu.uasset" 495
"A:/licenta low poly/MechCombatGame/Content/ThirdPersonBP/Blueprints/ThirdPersonCharacter.uasset" 496
"A:/licenta low poly/MechCombatGame/Content/MechCombat/meshes/Main_Character/Mech_Anim_BP.uasset" 497
"A:/licenta low poly/MechCombatGame/Content/MechCombat/meshes/pickups/WorldGridMaterial.uasset" 498
"A:/licenta low poly/MechCombatGame/Content/MechCombat/meshes/pickups/TimeFragment.uasset" 499
"A:/licenta low poly/MechCombatGame/Content/MechCombat/blueprints/TimeFragment.uasset" 500
"A:/licenta low poly/MechCombatGame/Content/ThirdPersonBP/Blueprints/Test_dummy_Master.uasset" 501
"A:/licenta low poly/MechCombatGame/Content/MechCombat/meshes/Ai_Spider_Bomb/Spider_Bomb.uasset" 502
"A:/licenta low poly/MechCombatGame/Content/MechCombat/meshes/Ai_Spider_Bomb/Robo.uasset" 503
"A:/licenta low poly/MechCombatGame/Content/MechCombat/meshes/Ai_Spider_Bomb/Spider_Core_PhysicsAsset.uasset" 504
"A:/licenta low poly/MechCombatGame/Content/MechCombat/meshes/Ai_Spider_Bomb/Spider_Core.uasset" 505
"A:/licenta low poly/MechCombatGame/Content/ThirdPersonBP/Blueprints/Spider_Bomb.uasset" 506
"A:/licenta low poly/MechCombatGame/Content/MechCombat/meshes/Ai_Spider_tourette/Spider_Turret_Anim_Turret_OpenIdle1.uasset" 507
"A:/licenta low poly/MechCombatGame/Content/MechCombat/meshes/Ai_Spider_tourette/Spider_Turret_Anim_Turret_Shoot.uasset" 508
"A:/licenta low poly/MechCombatGame/Content/MechCombat/meshes/Ai_Spider_tourette/Spider_tourette_Anim_BP.uasset" 509
"A:/licenta low poly/MechCombatGame/Content/MechCombat/blueprints/Projectile_Mat.uasset" 510
"A:/licenta low poly/MechCombatGame/Content/StarterContent/Shapes/Shape_Cone.uasset" 511
"A:/licenta low poly/MechCombatGame/Content/MechCombat/blueprints/Projectile.uasset" 512
"A:/licenta low poly/MechCombatGame/Content/MechCombat/meshes/Ai_Spider_tourette/Robo.uasset" 513
"A:/licenta low poly/MechCombatGame/Content/MechCombat/meshes/Ai_Spider_tourette/Spider_Turret_PhysicsAsset.uasset" 514
"A:/licenta low poly/MechCombatGame/Content/MechCombat/meshes/Ai_Spider_tourette/Spider_Turret.uasset" 515
"A:/licenta low poly/MechCombatGame/Content/ThirdPersonBP/Blueprints/Spider_Tourette.uasset" 516
"A:/licenta low poly/MechCombatGame/Content/MechCombat/blueprints/Spawner.uasset" 517
"A:/licenta low poly/MechCombatGame/Content/MechCombat/meshes/Forest_Env/Workbench.uasset" 518
"A:/licenta low poly/MechCombatGame/Content/ThirdPersonBP/Blueprints/WorkBench.uasset" 519
"A:/licenta low poly/MechCombatGame/Content/Level1_BuiltData.uasset" 520
"../../../Engine/Content/EngineMaterials/WeightMapPlaceholderTexture.uasset" 521
"A:/licenta low poly/MechCombatGame/Content/MechCombat/materials/TerrainMaterial.uasset" 522
"../../../Engine/Content/EngineMaterials/DefaultPhysicalMaterial.uasset" 523
"A:/licenta low poly/MechCombatGame/Content/MechCombat/blueprints/NewWave.uasset" 524
"A:/licenta low poly/MechCombatGame/Content/MechCombat/meshes/Forest_Env/Rock1_3.uasset" 525
"A:/licenta low poly/MechCombatGame/Content/MechCombat/meshes/Forest_Env/Rock3_2.uasset" 526
"A:/licenta low poly/MechCombatGame/Content/MechCombat/meshes/Forest_Env/Rock4.uasset" 527
"A:/licenta low poly/MechCombatGame/Content/MechCombat/meshes/Forest_Env/Tree8_3.uasset" 528
"A:/licenta low poly/MechCombatGame/Content/MechCombat/meshes/Forest_Env/Tree_Pine1.uasset" 529
"A:/licenta low poly/MechCombatGame/Content/MechCombat/meshes/Forest_Env/WorldGridMaterial.uasset" 530
"A:/licenta low poly/MechCombatGame/Content/MechCombat/meshes/Forest_Env/YardGate.uasset" 531
"A:/licenta low poly/MechCombatGame/Content/MechCombat/meshes/Forest_Env/YardWalls.uasset" 532
"A:/licenta low poly/MechCombatGame/Content/Level1.umap" 533
"A:/licenta low poly/MechCombatGame/Content/StarterContent/Blueprints/Assets/FogBrightnessLUT.uasset" 534
"A:/licenta low poly/MechCombatGame/Content/StarterContent/Blueprints/Assets/SunlightColorLUT.uasset" 535
"A:/licenta low poly/MechCombatGame/Content/StarterContent/Blueprints/Assets/M_LightStage_Arrows.uasset" 536
"../../../Engine/Content/MapTemplates/Sky/DaylightAmbientCubemap.uasset" 537
"A:/licenta low poly/MechCombatGame/Content/StarterContent/Blueprints/Assets/M_LightStage_Skybox_Master.uasset" 538
"A:/licenta low poly/MechCombatGame/Content/StarterContent/Blueprints/Assets/M_LightStage_Skybox_Black.uasset" 539
"A:/licenta low poly/MechCombatGame/Content/StarterContent/Blueprints/Assets/M_LightStage_Skybox_HDRI.uasset" 540
"../../../Engine/Content/EditorMaterials/Thumbnails/SkySphereMaterial.uasset" 541
"A:/licenta low poly/MechCombatGame/Content/StarterContent/Blueprints/Assets/Skybox.uasset" 542
"A:/licenta low poly/MechCombatGame/Content/StarterContent/Blueprints/Assets/SM_Arrows.uasset" 543
"A:/licenta low poly/MechCombatGame/Content/StarterContent/HDRI/HDRI_Epic_Courtyard_Daylight.uasset" 544
"A:/licenta low poly/MechCombatGame/Content/StarterContent/Blueprints/BP_LightStudio.uasset" 545
"A:/licenta low poly/MechCombatGame/Content/StarterContent/Maps/Advanced_Lighting_BuiltData.uasset" 546
"A:/licenta low poly/MechCombatGame/Content/StarterContent/Materials/M_AssetPlatform.uasset" 547
"../../../Engine/Content/EditorMeshes/ColorCalibrator/M_ChromeBall.uasset" 548
"../../../Engine/Content/EditorMeshes/ColorCalibrator/M_ClearCoat.uasset" 549
"../../../Engine/Content/EditorMeshes/ColorCalibrator/M_ClearCoatBlack.uasset" 550
"../../../Engine/Content/EditorMeshes/ColorCalibrator/Color_checker.uasset" 551
"../../../Engine/Content/EditorMeshes/ColorCalibrator/M_ColorGrid.uasset" 552
"../../../Engine/Content/EditorMeshes/ColorCalibrator/M_GreyBall.uasset" 553
"../../../Engine/Content/EditorMeshes/ColorCalibrator/SM_ColorCalibrator.uasset" 554
"A:/licenta low poly/MechCombatGame/Content/StarterContent/Architecture/SM_AssetPlatform.uasset" 555
"A:/licenta low poly/MechCombatGame/Content/StarterContent/Maps/Advanced_Lighting.umap" 556
"A:/licenta low poly/MechCombatGame/Content/StarterContent/Maps/Minimal_Default_BuiltData.uasset" 557
"A:/licenta low poly/MechCombatGame/Content/StarterContent/Textures/T_MacroVariation.uasset" 558
"A:/licenta low poly/MechCombatGame/Content/StarterContent/Materials/M_Metal_Brushed_Nickel.uasset" 559
"A:/licenta low poly/MechCombatGame/Content/StarterContent/Textures/T_Metal_Aluminum_D.uasset" 560
"A:/licenta low poly/MechCombatGame/Content/StarterContent/Textures/T_Metal_Gold_N.uasset" 561
"A:/licenta low poly/MechCombatGame/Content/StarterContent/Materials/M_Metal_Burnished_Steel.uasset" 562
"A:/licenta low poly/MechCombatGame/Content/StarterContent/Textures/T_Metal_Copper_D.uasset" 563
"A:/licenta low poly/MechCombatGame/Content/StarterContent/Materials/M_Metal_Copper.uasset" 564
"A:/licenta low poly/MechCombatGame/Content/StarterContent/Textures/T_Statue_M.uasset" 565
"A:/licenta low poly/MechCombatGame/Content/StarterContent/Textures/T_Statue_N.uasset" 566
"A:/licenta low poly/MechCombatGame/Content/StarterContent/Props/Materials/M_StatueGlass.uasset" 567
"A:/licenta low poly/MechCombatGame/Content/StarterContent/Architecture/Floor_400x400.uasset" 568
"A:/licenta low poly/MechCombatGame/Content/StarterContent/Audio/Starter_Background_Cue.uasset" 569
"A:/licenta low poly/MechCombatGame/Content/StarterContent/Props/SM_Chair.uasset" 570
"A:/licenta low poly/MechCombatGame/Content/StarterContent/Props/Materials/M_Statue.uasset" 571
"A:/licenta low poly/MechCombatGame/Content/StarterContent/Props/SM_Statue.uasset" 572
"A:/licenta low poly/MechCombatGame/Content/StarterContent/Textures/T_TableRound_M.uasset" 573
"A:/licenta low poly/MechCombatGame/Content/StarterContent/Textures/T_TableRound_N.uasset" 574
"A:/licenta low poly/MechCombatGame/Content/StarterContent/Props/Materials/M_TableRound.uasset" 575
"A:/licenta low poly/MechCombatGame/Content/StarterContent/Props/SM_TableRound.uasset" 576
"A:/licenta low poly/MechCombatGame/Content/StarterContent/Maps/Minimal_Default.umap" 577
"A:/licenta low poly/MechCombatGame/Content/StarterContent/Audio/Fire01_Cue.uasset" 578
"A:/licenta low poly/MechCombatGame/Content/StarterContent/Textures/T_Fire_SubUV.uasset" 579
"A:/licenta low poly/MechCombatGame/Content/StarterContent/Textures/T_Fire_Tiled_D.uasset" 580
"A:/licenta low poly/MechCombatGame/Content/StarterContent/Particles/Materials/M_Fire_SubUV.uasset" 581
"A:/licenta low poly/MechCombatGame/Content/StarterContent/Textures/T_Water_N.uasset" 582
"A:/licenta low poly/MechCombatGame/Content/StarterContent/Particles/Materials/M_Heat_Distortion.uasset" 583
"A:/licenta low poly/MechCombatGame/Content/StarterContent/Particles/Materials/M_Radial_Gradient.uasset" 584
"A:/licenta low poly/MechCombatGame/Content/StarterContent/Particles/P_Fire.uasset" 585
"A:/licenta low poly/MechCombatGame/Content/StarterContent/Blueprints/Blueprint_Effect_Fire.uasset" 586
"A:/licenta low poly/MechCombatGame/Content/StarterContent/Audio/Smoke01_Cue.uasset" 587
"A:/licenta low poly/MechCombatGame/Content/StarterContent/Particles/P_Smoke.uasset" 588
"A:/licenta low poly/MechCombatGame/Content/StarterContent/Blueprints/Blueprint_Effect_Smoke.uasset" 589
"A:/licenta low poly/MechCombatGame/Content/StarterContent/Audio/Fire_Sparks01_Cue.uasset" 590
"A:/licenta low poly/MechCombatGame/Content/StarterContent/Textures/T_Spark_Core.uasset" 591
"A:/licenta low poly/MechCombatGame/Content/StarterContent/Particles/Materials/M_Spark.uasset" 592
"A:/licenta low poly/MechCombatGame/Content/StarterContent/Particles/P_Sparks.uasset" 593
"A:/licenta low poly/MechCombatGame/Content/StarterContent/Blueprints/Blueprint_Effect_Sparks.uasset" 594
"A:/licenta low poly/MechCombatGame/Content/StarterContent/Audio/Steam01_Cue.uasset" 595
"A:/licenta low poly/MechCombatGame/Content/StarterContent/Particles/P_Steam_Lit.uasset" 596
"A:/licenta low poly/MechCombatGame/Content/StarterContent/Blueprints/Blueprint_Effect_Steam.uasset" 597
"A:/licenta low poly/MechCombatGame/Content/StarterContent/Textures/T_Lamp_M.uasset" 598
"A:/licenta low poly/MechCombatGame/Content/StarterContent/Textures/T_Lamp_N.uasset" 599
"A:/licenta low poly/MechCombatGame/Content/StarterContent/Props/Materials/M_Lamp.uasset" 600
"A:/licenta low poly/MechCombatGame/Content/StarterContent/Props/SM_Lamp_Ceiling.uasset" 601
"A:/licenta low poly/MechCombatGame/Content/StarterContent/Blueprints/Blueprint_CeilingLight.uasset" 602
"A:/licenta low poly/MechCombatGame/Content/StarterContent/Props/SM_Lamp_Wall.uasset" 603
"A:/licenta low poly/MechCombatGame/Content/StarterContent/Blueprints/Blueprint_WallSconce.uasset" 604
"A:/licenta low poly/MechCombatGame/Content/StarterContent/Maps/StarterMap_BuiltData.uasset" 605
"../../../Engine/Content/Functions/Engine_MaterialFunctions03/Procedurals/ComputeFilterWidth.uasset" 606
"../../../Engine/Content/EngineMaterials/AntiAliasedTextMaterialTranslucent.uasset" 607
"A:/licenta low poly/MechCombatGame/Content/StarterContent/Textures/T_Brick_Clay_Beveled_D.uasset" 608
"A:/licenta low poly/MechCombatGame/Content/StarterContent/Textures/T_Brick_Clay_Beveled_M.uasset" 609
"A:/licenta low poly/MechCombatGame/Content/StarterContent/Textures/T_Brick_Clay_Beveled_N.uasset" 610
"A:/licenta low poly/MechCombatGame/Content/StarterContent/Materials/M_Brick_Clay_Beveled.uasset" 611
"A:/licenta low poly/MechCombatGame/Content/StarterContent/Textures/T_Brick_Clay_New_D.uasset" 612
"A:/licenta low poly/MechCombatGame/Content/StarterContent/Textures/T_Brick_Clay_New_M.uasset" 613
"A:/licenta low poly/MechCombatGame/Content/StarterContent/Textures/T_Brick_Clay_New_N.uasset" 614
"A:/licenta low poly/MechCombatGame/Content/StarterContent/Materials/M_Brick_Clay_New.uasset" 615
"A:/licenta low poly/MechCombatGame/Content/StarterContent/Textures/T_Brick_Clay_Old_D.uasset" 616
"A:/licenta low poly/MechCombatGame/Content/StarterContent/Textures/T_Brick_Clay_Old_N.uasset" 617
"A:/licenta low poly/MechCombatGame/Content/StarterContent/Textures/T_Perlin_Noise_M.uasset" 618
"A:/licenta low poly/MechCombatGame/Content/StarterContent/Materials/M_Brick_Clay_Old.uasset" 619
"A:/licenta low poly/MechCombatGame/Content/StarterContent/Textures/T_Brick_Cut_Stone_D.uasset" 620
"A:/licenta low poly/MechCombatGame/Content/StarterContent/Textures/T_Brick_Cut_Stone_N.uasset" 621
"A:/licenta low poly/MechCombatGame/Content/StarterContent/Materials/M_Brick_Cut_Stone.uasset" 622
"A:/licenta low poly/MechCombatGame/Content/StarterContent/Textures/T_Brick_Hewn_Stone_D.uasset" 623
"A:/licenta low poly/MechCombatGame/Content/StarterContent/Textures/T_Brick_Hewn_Stone_M.uasset" 624
"A:/licenta low poly/MechCombatGame/Content/StarterContent/Textures/T_Brick_Hewn_Stone_N.uasset" 625
"A:/licenta low poly/MechCombatGame/Content/StarterContent/Materials/M_Brick_Hewn_Stone.uasset" 626
"A:/licenta low poly/MechCombatGame/Content/StarterContent/Textures/T_Ceramic_Tile_M.uasset" 627
"A:/licenta low poly/MechCombatGame/Content/StarterContent/Textures/T_Ceramic_Tile_N.uasset" 628
"A:/licenta low poly/MechCombatGame/Content/StarterContent/Textures/T_Rock_Marble_Polished_D.uasset" 629
"A:/licenta low poly/MechCombatGame/Content/StarterContent/Materials/M_Ceramic_Tile_Checker.uasset" 630
"A:/licenta low poly/MechCombatGame/Content/StarterContent/Textures/T_CobbleStone_Pebble_D.uasset" 631
"A:/licenta low poly/MechCombatGame/Content/StarterContent/Textures/T_CobbleStone_Pebble_M.uasset" 632
"A:/licenta low poly/MechCombatGame/Content/StarterContent/Textures/T_CobbleStone_Pebble_N.uasset" 633
"A:/licenta low poly/MechCombatGame/Content/StarterContent/Materials/M_CobbleStone_Pebble.uasset" 634
"A:/licenta low poly/MechCombatGame/Content/StarterContent/Textures/T_CobbleStone_Rough_D.uasset" 635
"A:/licenta low poly/MechCombatGame/Content/StarterContent/Textures/T_CobbleStone_Rough_N.uasset" 636
"A:/licenta low poly/MechCombatGame/Content/StarterContent/Textures/T_Gradinet_01.uasset" 637
"A:/licenta low poly/MechCombatGame/Content/StarterContent/Textures/T_Rock_Smooth_Granite_D.uasset" 638
"A:/licenta low poly/MechCombatGame/Content/StarterContent/Materials/M_CobbleStone_Rough.uasset" 639
"A:/licenta low poly/MechCombatGame/Content/StarterContent/Textures/T_CobbleStone_Smooth_D.uasset" 640
"A:/licenta low poly/MechCombatGame/Content/StarterContent/Textures/T_CobbleStone_Smooth_M.uasset" 641
"A:/licenta low poly/MechCombatGame/Content/StarterContent/Textures/T_CobbleStone_Smooth_N.uasset" 642
"A:/licenta low poly/MechCombatGame/Content/StarterContent/Materials/M_CobbleStone_Smooth.uasset" 643
"A:/licenta low poly/MechCombatGame/Content/StarterContent/Textures/T_Concrete_Grime_D.uasset" 644
"A:/licenta low poly/MechCombatGame/Content/StarterContent/Textures/T_Metal_Rust_N.uasset" 645
"A:/licenta low poly/MechCombatGame/Content/StarterContent/Materials/M_Concrete_Grime.uasset" 646
"A:/licenta low poly/MechCombatGame/Content/StarterContent/Textures/T_Concrete_Panels_D.uasset" 647
"A:/licenta low poly/MechCombatGame/Content/StarterContent/Textures/T_Concrete_Panels_N.uasset" 648
"A:/licenta low poly/MechCombatGame/Content/StarterContent/Materials/M_Concrete_Panels.uasset" 649
"A:/licenta low poly/MechCombatGame/Content/StarterContent/Textures/T_Concrete_Poured_D.uasset" 650
"A:/licenta low poly/MechCombatGame/Content/StarterContent/Textures/T_Concrete_Poured_N.uasset" 651
"A:/licenta low poly/MechCombatGame/Content/StarterContent/Materials/M_Concrete_Poured.uasset" 652
"A:/licenta low poly/MechCombatGame/Content/StarterContent/Textures/T_Concrete_Tiles_D.uasset" 653
"A:/licenta low poly/MechCombatGame/Content/StarterContent/Textures/T_Concrete_Tiles_M.uasset" 654
"A:/licenta low poly/MechCombatGame/Content/StarterContent/Textures/T_Concrete_Tiles_N.uasset" 655
"A:/licenta low poly/MechCombatGame/Content/StarterContent/Textures/T_Concrete_Tiles_Variation_M.uasset" 656
"A:/licenta low poly/MechCombatGame/Content/StarterContent/Materials/M_Concrete_Tiles.uasset" 657
"A:/licenta low poly/MechCombatGame/Content/StarterContent/Textures/T_Ground_Grass_D.uasset" 658
"A:/licenta low poly/MechCombatGame/Content/StarterContent/Textures/T_Ground_Grass_N.uasset" 659
"A:/licenta low poly/MechCombatGame/Content/StarterContent/Materials/M_Ground_Grass.uasset" 660
"A:/licenta low poly/MechCombatGame/Content/StarterContent/Textures/T_Ground_Gravel_D.uasset" 661
"A:/licenta low poly/MechCombatGame/Content/StarterContent/Textures/T_Ground_Gravel_N.uasset" 662
"A:/licenta low poly/MechCombatGame/Content/StarterContent/Materials/M_Ground_Gravel.uasset" 663
"A:/licenta low poly/MechCombatGame/Content/StarterContent/Textures/T_ground_Moss_D.uasset" 664
"A:/licenta low poly/MechCombatGame/Content/StarterContent/Textures/T_Ground_Moss_N.uasset" 665
"A:/licenta low poly/MechCombatGame/Content/StarterContent/Materials/M_Ground_Moss.uasset" 666
"A:/licenta low poly/MechCombatGame/Content/StarterContent/Materials/M_Metal_Chrome.uasset" 667
"A:/licenta low poly/MechCombatGame/Content/StarterContent/Textures/T_Metal_Gold_D.uasset" 668
"A:/licenta low poly/MechCombatGame/Content/StarterContent/Materials/M_Metal_Gold.uasset" 669
"A:/licenta low poly/MechCombatGame/Content/StarterContent/Textures/T_Metal_Rust_D.uasset" 670
"A:/licenta low poly/MechCombatGame/Content/StarterContent/Materials/M_Metal_Rust.uasset" 671
"A:/licenta low poly/MechCombatGame/Content/StarterContent/Textures/T_Metal_Steel_D.uasset" 672
"A:/licenta low poly/MechCombatGame/Content/StarterContent/Textures/T_Metal_Steel_N.uasset" 673
"A:/licenta low poly/MechCombatGame/Content/StarterContent/Materials/M_Metal_Steel.uasset" 674
"A:/licenta low poly/MechCombatGame/Content/StarterContent/Textures/T_Rock_Basalt_N.uasset" 675
"A:/licenta low poly/MechCombatGame/Content/StarterContent/Materials/M_Rock_Basalt.uasset" 676
"A:/licenta low poly/MechCombatGame/Content/StarterContent/Materials/M_Rock_Marble_Polished.uasset" 677
"A:/licenta low poly/MechCombatGame/Content/StarterContent/Textures/T_Rock_Sandstone_D.uasset" 678
"A:/licenta low poly/MechCombatGame/Content/StarterContent/Textures/T_Rock_Sandstone_N.uasset" 679
"A:/licenta low poly/MechCombatGame/Content/StarterContent/Materials/M_Rock_Sandstone.uasset" 680
"A:/licenta low poly/MechCombatGame/Content/StarterContent/Textures/T_Rock_Slate_D.uasset" 681
"A:/licenta low poly/MechCombatGame/Content/StarterContent/Textures/T_Rock_Slate_N.uasset" 682
"A:/licenta low poly/MechCombatGame/Content/StarterContent/Materials/M_Rock_Slate.uasset" 683
"A:/licenta low poly/MechCombatGame/Content/StarterContent/Textures/T_Checker_Noise_M.uasset" 684
"A:/licenta low poly/MechCombatGame/Content/StarterContent/Textures/T_Single_Tile_N.uasset" 685
"A:/licenta low poly/MechCombatGame/Content/StarterContent/Textures/T_Tech_Dot_M.uasset" 686
"A:/licenta low poly/MechCombatGame/Content/StarterContent/Textures/T_Tech_Dot_N.uasset" 687
"A:/licenta low poly/MechCombatGame/Content/StarterContent/Materials/M_Tech_Checker_Dot.uasset" 688
"A:/licenta low poly/MechCombatGame/Content/StarterContent/Textures/T_Tech_Hex_Tile_M.uasset" 689
"A:/licenta low poly/MechCombatGame/Content/StarterContent/Textures/T_Tech_Hex_Tile_N.uasset" 690
"A:/licenta low poly/MechCombatGame/Content/StarterContent/Materials/M_Tech_Hex_Tile.uasset" 691
"A:/licenta low poly/MechCombatGame/Content/StarterContent/Materials/M_Tech_Hex_Tile_Pulse.uasset" 692
"A:/licenta low poly/MechCombatGame/Content/StarterContent/Textures/T_Tech_Panel_M.uasset" 693
"A:/licenta low poly/MechCombatGame/Content/StarterContent/Textures/T_Tech_Panel_N.uasset" 694
"A:/licenta low poly/MechCombatGame/Content/StarterContent/Materials/M_Tech_Panel.uasset" 695
"A:/licenta low poly/MechCombatGame/Content/StarterContent/Materials/M_Water_Lake.uasset" 696
"A:/licenta low poly/MechCombatGame/Content/StarterContent/Textures/T_Water_M.uasset" 697
"A:/licenta low poly/MechCombatGame/Content/StarterContent/Materials/M_Water_Ocean.uasset" 698
"A:/licenta low poly/MechCombatGame/Content/StarterContent/Textures/T_Wood_Floor_Walnut_D.uasset" 699
"A:/licenta low poly/MechCombatGame/Content/StarterContent/Textures/T_Wood_Floor_Walnut_M.uasset" 700
"A:/licenta low poly/MechCombatGame/Content/StarterContent/Textures/T_Wood_Floor_Walnut_N.uasset" 701
"A:/licenta low poly/MechCombatGame/Content/StarterContent/Materials/M_Wood_Floor_Walnut_Polished.uasset" 702
"../../../Engine/Content/Functions/Engine_MaterialFunctions01/Opacity/AlphaOffset.uasset" 703
"A:/licenta low poly/MechCombatGame/Content/StarterContent/Materials/M_Wood_Floor_Walnut_Worn.uasset" 704
"A:/licenta low poly/MechCombatGame/Content/StarterContent/Textures/T_Wood_Oak_D.uasset" 705
"A:/licenta low poly/MechCombatGame/Content/StarterContent/Textures/T_Wood_Oak_N.uasset" 706
"A:/licenta low poly/MechCombatGame/Content/StarterContent/Materials/M_Wood_Oak.uasset" 707
"A:/licenta low poly/MechCombatGame/Content/StarterContent/Textures/T_Wood_Pine_D.uasset" 708
"A:/licenta low poly/MechCombatGame/Content/StarterContent/Textures/T_Wood_Pine_N.uasset" 709
"A:/licenta low poly/MechCombatGame/Content/StarterContent/Materials/M_Wood_Pine.uasset" 710
"A:/licenta low poly/MechCombatGame/Content/StarterContent/Textures/T_Wood_Walnut_D.uasset" 711
"A:/licenta low poly/MechCombatGame/Content/StarterContent/Textures/T_Wood_Walnut_N.uasset" 712
"A:/licenta low poly/MechCombatGame/Content/StarterContent/Materials/M_Wood_Walnut.uasset" 713
"A:/licenta low poly/MechCombatGame/Content/StarterContent/Architecture/Wall_400x200.uasset" 714
"A:/licenta low poly/MechCombatGame/Content/StarterContent/Architecture/Wall_Door_400x300.uasset" 715
"A:/licenta low poly/MechCombatGame/Content/StarterContent/Architecture/Wall_Window_400x300.uasset" 716
"A:/licenta low poly/MechCombatGame/Content/StarterContent/Audio/Collapse_Cue.uasset" 717
"A:/licenta low poly/MechCombatGame/Content/StarterContent/Audio/Starter_Music_Cue.uasset" 718
"A:/licenta low poly/MechCombatGame/Content/StarterContent/Textures/T_Dust_Particle_D.uasset" 719
"A:/licenta low poly/MechCombatGame/Content/StarterContent/Particles/Materials/M_Dust_Particle.uasset" 720
"A:/licenta low poly/MechCombatGame/Content/StarterContent/Particles/P_Ambient_Dust.uasset" 721
"A:/licenta low poly/MechCombatGame/Content/StarterContent/Props/MaterialSphere.uasset" 722
"A:/licenta low poly/MechCombatGame/Content/StarterContent/Textures/T_Frame_M.uasset" 723
"A:/licenta low poly/MechCombatGame/Content/StarterContent/Textures/T_Frame_N.uasset" 724
"A:/licenta low poly/MechCombatGame/Content/StarterContent/Props/Materials/M_Frame.uasset" 725
"A:/licenta low poly/MechCombatGame/Content/StarterContent/Props/SM_CornerFrame.uasset" 726
"A:/licenta low poly/MechCombatGame/Content/StarterContent/Props/SM_DoorFrame.uasset" 727
"A:/licenta low poly/MechCombatGame/Content/StarterContent/Props/SM_GlassWindow.uasset" 728
"A:/licenta low poly/MechCombatGame/Content/StarterContent/Props/SM_PillarFrame.uasset" 729
"A:/licenta low poly/MechCombatGame/Content/StarterContent/Props/SM_PillarFrame300.uasset" 730
"A:/licenta low poly/MechCombatGame/Content/StarterContent/Props/SM_WindowFrame.uasset" 731
"A:/licenta low poly/MechCombatGame/Content/StarterContent/Shapes/Shape_Cube.uasset" 732
"A:/licenta low poly/MechCombatGame/Content/StarterContent/Shapes/Shape_QuadPyramid.uasset" 733
"A:/licenta low poly/MechCombatGame/Content/StarterContent/Shapes/Shape_Sphere.uasset" 734
"A:/licenta low poly/MechCombatGame/Content/StarterContent/Maps/StarterMap.umap" 735
"A:/licenta low poly/MechCombatGame/Content/ThirdPersonBP/Maps/ThirdPersonExampleMap_BuiltData.uasset" 736
"A:/licenta low poly/MechCombatGame/Content/Geometry/Meshes/CubeMaterial.uasset" 737
"A:/licenta low poly/MechCombatGame/Content/Geometry/Meshes/1M_Cube.uasset" 738
"A:/licenta low poly/MechCombatGame/Content/Geometry/Meshes/1M_Cube_Chamfer.uasset" 739
"A:/licenta low poly/MechCombatGame/Content/Geometry/Meshes/TemplateFloor.uasset" 740
"A:/licenta low poly/MechCombatGame/Content/ThirdPerson/Meshes/RampMaterial.uasset" 741
"A:/licenta low poly/MechCombatGame/Content/ThirdPerson/Meshes/Bump_StaticMesh.uasset" 742
"A:/licenta low poly/MechCombatGame/Content/ThirdPerson/Meshes/LeftArm_StaticMesh.uasset" 743
"A:/licenta low poly/MechCombatGame/Content/ThirdPerson/Meshes/Linear_Stair_StaticMesh.uasset" 744
"A:/licenta low poly/MechCombatGame/Content/ThirdPerson/Meshes/Ramp_StaticMesh.uasset" 745
"A:/licenta low poly/MechCombatGame/Content/ThirdPerson/Meshes/RightArm_StaticMesh.uasset" 746
"A:/licenta low poly/MechCombatGame/Content/ThirdPersonBP/Maps/ThirdPersonExampleMap.umap" 747
"../../../Engine/Content/Maps/Entry_BuiltData.uasset" 748
"../../../Engine/Content/Maps/Entry.umap" 749
